# JRE version: Java(TM) SE Runtime Environment (8.0_144-b01) (build 1.8.0_144-b01)
# Java VM: Java HotSpot(TM) 64-Bit Server VM (25.144-b01 mixed mode windows-amd64 compressed oops)
Heap:
 PSYoungGen      total 317952K, used 251482K [0x000000076b000000, 0x0000000781f00000, 0x00000007c0000000)
  eden space 261632K, 93% used [0x000000076b000000,0x0000000779e07c68,0x000000077af80000)
  from space 56320K, 13% used [0x000000077e700000,0x000000077ee8eca0,0x0000000781e00000)
  to   space 56832K, 0% used [0x000000077af80000,0x000000077af80000,0x000000077e700000)
 ParOldGen       total 175104K, used 92725K [0x00000006c1000000, 0x00000006cbb00000, 0x000000076b000000)
  object space 175104K, 52% used [0x00000006c1000000,0x00000006c6a8d610,0x00000006cbb00000)
 Metaspace       used 10096K, capacity 10292K, committed 10496K, reserved 1058816K
  class space    used 1140K, capacity 1218K, committed 1280K, reserved 1048576K
GC Heap History (10 events):
Event: 0.860 GC heap before
{Heap before GC invocations=2 (full 0):
 PSYoungGen      total 76288K, used 76280K [0x000000076b000000, 0x0000000770500000, 0x00000007c0000000)
  eden space 65536K, 100% used [0x000000076b000000,0x000000076f000000,0x000000076f000000)
  from space 10752K, 99% used [0x000000076f000000,0x000000076fa7e250,0x000000076fa80000)
  to   space 10752K, 0% used [0x000000076fa80000,0x000000076fa80000,0x0000000770500000)
 ParOldGen       total 175104K, used 32907K [0x00000006c1000000, 0x00000006cbb00000, 0x000000076b000000)
  object space 175104K, 18% used [0x00000006c1000000,0x00000006c3022f50,0x00000006cbb00000)
 Metaspace       used 9843K, capacity 10004K, committed 10240K, reserved 1058816K
  class space    used 1117K, capacity 1186K, committed 1280K, reserved 1048576K
Event: 0.867 GC heap after
Heap after GC invocations=2 (full 0):
 PSYoungGen      total 76288K, used 10744K [0x000000076b000000, 0x0000000774500000, 0x00000007c0000000)
  eden space 65536K, 0% used [0x000000076b000000,0x000000076b000000,0x000000076f000000)
  from space 10752K, 99% used [0x000000076fa80000,0x00000007704fe250,0x0000000770500000)
  to   space 10752K, 0% used [0x000000076f000000,0x000000076f000000,0x000000076fa80000)
 ParOldGen       total 175104K, used 65323K [0x00000006c1000000, 0x00000006cbb00000, 0x000000076b000000)
  object space 175104K, 37% used [0x00000006c1000000,0x00000006c4fcaf90,0x00000006cbb00000)
 Metaspace       used 9843K, capacity 10004K, committed 10240K, reserved 1058816K
  class space    used 1117K, capacity 1186K, committed 1280K, reserved 1048576K
}
Event: 0.897 GC heap before
{Heap before GC invocations=3 (full 0):
 PSYoungGen      total 76288K, used 76280K [0x000000076b000000, 0x0000000774500000, 0x00000007c0000000)
  eden space 65536K, 100% used [0x000000076b000000,0x000000076f000000,0x000000076f000000)
  from space 10752K, 99% used [0x000000076fa80000,0x00000007704fe250,0x0000000770500000)
  to   space 10752K, 0% used [0x000000076f000000,0x000000076f000000,0x000000076fa80000)
 ParOldGen       total 175104K, used 65323K [0x00000006c1000000, 0x00000006cbb00000, 0x000000076b000000)
  object space 175104K, 37% used [0x00000006c1000000,0x00000006c4fcaf90,0x00000006cbb00000)
 Metaspace       used 9843K, capacity 10004K, committed 10240K, reserved 1058816K
  class space    used 1117K, capacity 1186K, committed 1280K, reserved 1048576K
Event: 0.901 GC heap after
Heap after GC invocations=3 (full 0):
 PSYoungGen      total 76288K, used 10728K [0x000000076b000000, 0x0000000774500000, 0x00000007c0000000)
  eden space 65536K, 0% used [0x000000076b000000,0x000000076b000000,0x000000076f000000)
  from space 10752K, 99% used [0x000000076f000000,0x000000076fa7a280,0x000000076fa80000)
  to   space 10752K, 0% used [0x0000000773a80000,0x0000000773a80000,0x0000000774500000)
 ParOldGen       total 175104K, used 77481K [0x00000006c1000000, 0x00000006cbb00000, 0x000000076b000000)
  object space 175104K, 44% used [0x00000006c1000000,0x00000006c5baa7b0,0x00000006cbb00000)
 Metaspace       used 9843K, capacity 10004K, committed 10240K, reserved 1058816K
  class space    used 1117K, capacity 1186K, committed 1280K, reserved 1048576K
}
Event: 0.936 GC heap before
{Heap before GC invocations=4 (full 0):
 PSYoungGen      total 76288K, used 76264K [0x000000076b000000, 0x0000000774500000, 0x00000007c0000000)
  eden space 65536K, 100% used [0x000000076b000000,0x000000076f000000,0x000000076f000000)
  from space 10752K, 99% used [0x000000076f000000,0x000000076fa7a280,0x000000076fa80000)
  to   space 10752K, 0% used [0x0000000773a80000,0x0000000773a80000,0x0000000774500000)
 ParOldGen       total 175104K, used 77481K [0x00000006c1000000, 0x00000006cbb00000, 0x000000076b000000)
  object space 175104K, 44% used [0x00000006c1000000,0x00000006c5baa7b0,0x00000006cbb00000)
 Metaspace       used 9843K, capacity 10004K, committed 10240K, reserved 1058816K
  class space    used 1117K, capacity 1186K, committed 1280K, reserved 1048576K
Event: 0.940 GC heap after
Heap after GC invocations=4 (full 0):
 PSYoungGen      total 141824K, used 10728K [0x000000076b000000, 0x0000000774500000, 0x00000007c0000000)
  eden space 131072K, 0% used [0x000000076b000000,0x000000076b000000,0x0000000773000000)
  from space 10752K, 99% used [0x0000000773a80000,0x00000007744fa280,0x0000000774500000)
  to   space 10752K, 0% used [0x0000000773000000,0x0000000773000000,0x0000000773a80000)
 ParOldGen       total 175104K, used 92709K [0x00000006c1000000, 0x00000006cbb00000, 0x000000076b000000)
  object space 175104K, 52% used [0x00000006c1000000,0x00000006c6a89610,0x00000006cbb00000)
 Metaspace       used 9843K, capacity 10004K, committed 10240K, reserved 1058816K
  class space    used 1117K, capacity 1186K, committed 1280K, reserved 1048576K
}
Event: 1.150 GC heap before
{Heap before GC invocations=5 (full 0):
 PSYoungGen      total 141824K, used 140913K [0x000000076b000000, 0x0000000774500000, 0x00000007c0000000)
  eden space 131072K, 99% used [0x000000076b000000,0x0000000772f22458,0x0000000773000000)
  from space 10752K, 99% used [0x0000000773a80000,0x00000007744fa280,0x0000000774500000)
  to   space 10752K, 0% used [0x0000000773000000,0x0000000773000000,0x0000000773a80000)
 ParOldGen       total 175104K, used 92709K [0x00000006c1000000, 0x00000006cbb00000, 0x000000076b000000)
  object space 175104K, 52% used [0x00000006c1000000,0x00000006c6a89610,0x00000006cbb00000)
 Metaspace       used 10069K, capacity 10228K, committed 10496K, reserved 1058816K
  class space    used 1138K, capacity 1218K, committed 1280K, reserved 1048576K
Event: 1.152 GC heap after
Heap after GC invocations=5 (full 0):
 PSYoungGen      total 141824K, used 1632K [0x000000076b000000, 0x0000000781e00000, 0x00000007c0000000)
  eden space 131072K, 0% used [0x000000076b000000,0x000000076b000000,0x0000000773000000)
  from space 10752K, 15% used [0x0000000773000000,0x0000000773198020,0x0000000773a80000)
  to   space 56320K, 0% used [0x000000077e700000,0x000000077e700000,0x0000000781e00000)
 ParOldGen       total 175104K, used 92717K [0x00000006c1000000, 0x00000006cbb00000, 0x000000076b000000)
  object space 175104K, 52% used [0x00000006c1000000,0x00000006c6a8b610,0x00000006cbb00000)
 Metaspace       used 10069K, capacity 10228K, committed 10496K, reserved 1058816K
  class space    used 1138K, capacity 1218K, committed 1280K, reserved 1048576K
}
Event: 1.224 GC heap before
{Heap before GC invocations=6 (full 0):
 PSYoungGen      total 141824K, used 131366K [0x000000076b000000, 0x0000000781e00000, 0x00000007c0000000)
  eden space 131072K, 98% used [0x000000076b000000,0x0000000772eb19c0,0x0000000773000000)
  from space 10752K, 15% used [0x0000000773000000,0x0000000773198020,0x0000000773a80000)
  to   space 56320K, 0% used [0x000000077e700000,0x000000077e700000,0x0000000781e00000)
 ParOldGen       total 175104K, used 92717K [0x00000006c1000000, 0x00000006cbb00000, 0x000000076b000000)
  object space 175104K, 52% used [0x00000006c1000000,0x00000006c6a8b610,0x00000006cbb00000)
 Metaspace       used 10073K, capacity 10228K, committed 10496K, reserved 1058816K
  class space    used 1139K, capacity 1218K, committed 1280K, reserved 1048576K
Event: 1.226 GC heap after
Heap after GC invocations=6 (full 0):
 PSYoungGen      total 317952K, used 7739K [0x000000076b000000, 0x0000000781f00000, 0x00000007c0000000)
  eden space 261632K, 0% used [0x000000076b000000,0x000000076b000000,0x000000077af80000)
  from space 56320K, 13% used [0x000000077e700000,0x000000077ee8eca0,0x0000000781e00000)
  to   space 56832K, 0% used [0x000000077af80000,0x000000077af80000,0x000000077e700000)
 ParOldGen       total 175104K, used 92725K [0x00000006c1000000, 0x00000006cbb00000, 0x000000076b000000)
  object space 175104K, 52% used [0x00000006c1000000,0x00000006c6a8d610,0x00000006cbb00000)
 Metaspace       used 10073K, capacity 10228K, committed 10496K, reserved 1058816K
  class space    used 1139K, capacity 1218K, committed 1280K, reserved 1048576K
}

