# JRE version: Java(TM) SE Runtime Environment (8.0_144-b01) (build 1.8.0_144-b01)
# Java VM: Java HotSpot(TM) 64-Bit Server VM (25.144-b01 mixed mode windows-amd64 compressed oops)
Heap:
 PSYoungGen      total 272896K, used 126907K [0x000000076b000000, 0x0000000791a00000, 0x00000007c0000000)
  eden space 262144K, 44% used [0x000000076b000000,0x00000007721709b0,0x000000077b000000)
  from space 10752K, 99% used [0x000000077b000000,0x000000077ba7e2a0,0x000000077ba80000)
  to   space 54272K, 0% used [0x000000078e500000,0x000000078e500000,0x0000000791a00000)
 ParOldGen       total 175104K, used 86648K [0x00000006c1000000, 0x00000006cbb00000, 0x000000076b000000)
  object space 175104K, 49% used [0x00000006c1000000,0x00000006c649e310,0x00000006cbb00000)
 Metaspace       used 10089K, capacity 10244K, committed 10496K, reserved 1058816K
  class space    used 1140K, capacity 1218K, committed 1280K, reserved 1048576K
GC Heap History (10 events):
Event: 0.781 GC heap before
{Heap before GC invocations=1 (full 0):
 PSYoungGen      total 76288K, used 59774K [0x000000076b000000, 0x0000000770500000, 0x00000007c0000000)
  eden space 65536K, 91% used [0x000000076b000000,0x000000076ea5f898,0x000000076f000000)
  from space 10752K, 0% used [0x000000076fa80000,0x000000076fa80000,0x0000000770500000)
  to   space 10752K, 0% used [0x000000076f000000,0x000000076f000000,0x000000076fa80000)
 ParOldGen       total 175104K, used 0K [0x00000006c1000000, 0x00000006cbb00000, 0x000000076b000000)
  object space 175104K, 0% used [0x00000006c1000000,0x00000006c1000000,0x00000006cbb00000)
 Metaspace       used 9819K, capacity 10020K, committed 10240K, reserved 1058816K
  class space    used 1117K, capacity 1186K, committed 1280K, reserved 1048576K
Event: 0.789 GC heap after
Heap after GC invocations=1 (full 0):
 PSYoungGen      total 76288K, used 10744K [0x000000076b000000, 0x0000000774500000, 0x00000007c0000000)
  eden space 65536K, 0% used [0x000000076b000000,0x000000076b000000,0x000000076f000000)
  from space 10752K, 99% used [0x000000076f000000,0x000000076fa7e270,0x000000076fa80000)
  to   space 10752K, 0% used [0x0000000773a80000,0x0000000773a80000,0x0000000774500000)
 ParOldGen       total 175104K, used 32898K [0x00000006c1000000, 0x00000006cbb00000, 0x000000076b000000)
  object space 175104K, 18% used [0x00000006c1000000,0x00000006c3020830,0x00000006cbb00000)
 Metaspace       used 9819K, capacity 10020K, committed 10240K, reserved 1058816K
  class space    used 1117K, capacity 1186K, committed 1280K, reserved 1048576K
}
Event: 0.830 GC heap before
{Heap before GC invocations=2 (full 0):
 PSYoungGen      total 76288K, used 76280K [0x000000076b000000, 0x0000000774500000, 0x00000007c0000000)
  eden space 65536K, 100% used [0x000000076b000000,0x000000076f000000,0x000000076f000000)
  from space 10752K, 99% used [0x000000076f000000,0x000000076fa7e270,0x000000076fa80000)
  to   space 10752K, 0% used [0x0000000773a80000,0x0000000773a80000,0x0000000774500000)
 ParOldGen       total 175104K, used 32898K [0x00000006c1000000, 0x00000006cbb00000, 0x000000076b000000)
  object space 175104K, 18% used [0x00000006c1000000,0x00000006c3020830,0x00000006cbb00000)
 Metaspace       used 9835K, capacity 10020K, committed 10240K, reserved 1058816K
  class space    used 1117K, capacity 1186K, committed 1280K, reserved 1048576K
Event: 0.838 GC heap after
Heap after GC invocations=2 (full 0):
 PSYoungGen      total 141824K, used 10744K [0x000000076b000000, 0x0000000774500000, 0x00000007c0000000)
  eden space 131072K, 0% used [0x000000076b000000,0x000000076b000000,0x0000000773000000)
  from space 10752K, 99% used [0x0000000773a80000,0x00000007744fe270,0x0000000774500000)
  to   space 10752K, 0% used [0x0000000773000000,0x0000000773000000,0x0000000773a80000)
 ParOldGen       total 175104K, used 65354K [0x00000006c1000000, 0x00000006cbb00000, 0x000000076b000000)
  object space 175104K, 37% used [0x00000006c1000000,0x00000006c4fd2870,0x00000006cbb00000)
 Metaspace       used 9835K, capacity 10020K, committed 10240K, reserved 1058816K
  class space    used 1117K, capacity 1186K, committed 1280K, reserved 1048576K
}
Event: 0.916 GC heap before
{Heap before GC invocations=3 (full 0):
 PSYoungGen      total 141824K, used 141816K [0x000000076b000000, 0x0000000774500000, 0x00000007c0000000)
  eden space 131072K, 100% used [0x000000076b000000,0x0000000773000000,0x0000000773000000)
  from space 10752K, 99% used [0x0000000773a80000,0x00000007744fe270,0x0000000774500000)
  to   space 10752K, 0% used [0x0000000773000000,0x0000000773000000,0x0000000773a80000)
 ParOldGen       total 175104K, used 65354K [0x00000006c1000000, 0x00000006cbb00000, 0x000000076b000000)
  object space 175104K, 37% used [0x00000006c1000000,0x00000006c4fd2870,0x00000006cbb00000)
 Metaspace       used 9835K, capacity 10020K, committed 10240K, reserved 1058816K
  class space    used 1117K, capacity 1186K, committed 1280K, reserved 1048576K
Event: 0.921 GC heap after
Heap after GC invocations=3 (full 0):
 PSYoungGen      total 141824K, used 10728K [0x000000076b000000, 0x000000077c500000, 0x00000007c0000000)
  eden space 131072K, 0% used [0x000000076b000000,0x000000076b000000,0x0000000773000000)
  from space 10752K, 99% used [0x0000000773000000,0x0000000773a7a280,0x0000000773a80000)
  to   space 10752K, 0% used [0x000000077ba80000,0x000000077ba80000,0x000000077c500000)
 ParOldGen       total 175104K, used 80541K [0x00000006c1000000, 0x00000006cbb00000, 0x000000076b000000)
  object space 175104K, 45% used [0x00000006c1000000,0x00000006c5ea76d0,0x00000006cbb00000)
 Metaspace       used 9835K, capacity 10020K, committed 10240K, reserved 1058816K
  class space    used 1117K, capacity 1186K, committed 1280K, reserved 1048576K
}
Event: 1.125 GC heap before
{Heap before GC invocations=4 (full 0):
 PSYoungGen      total 141824K, used 140284K [0x000000076b000000, 0x000000077c500000, 0x00000007c0000000)
  eden space 131072K, 98% used [0x000000076b000000,0x0000000772e84f30,0x0000000773000000)
  from space 10752K, 99% used [0x0000000773000000,0x0000000773a7a280,0x0000000773a80000)
  to   space 10752K, 0% used [0x000000077ba80000,0x000000077ba80000,0x000000077c500000)
 ParOldGen       total 175104K, used 80541K [0x00000006c1000000, 0x00000006cbb00000, 0x000000076b000000)
  object space 175104K, 45% used [0x00000006c1000000,0x00000006c5ea76d0,0x00000006cbb00000)
 Metaspace       used 10062K, capacity 10244K, committed 10496K, reserved 1058816K
  class space    used 1138K, capacity 1218K, committed 1280K, reserved 1048576K
Event: 1.127 GC heap after
Heap after GC invocations=4 (full 0):
 PSYoungGen      total 272896K, used 1616K [0x000000076b000000, 0x000000077c500000, 0x00000007c0000000)
  eden space 262144K, 0% used [0x000000076b000000,0x000000076b000000,0x000000077b000000)
  from space 10752K, 15% used [0x000000077ba80000,0x000000077bc14010,0x000000077c500000)
  to   space 10752K, 0% used [0x000000077b000000,0x000000077b000000,0x000000077ba80000)
 ParOldGen       total 175104K, used 80549K [0x00000006c1000000, 0x00000006cbb00000, 0x000000076b000000)
  object space 175104K, 46% used [0x00000006c1000000,0x00000006c5ea96d0,0x00000006cbb00000)
 Metaspace       used 10062K, capacity 10244K, committed 10496K, reserved 1058816K
  class space    used 1138K, capacity 1218K, committed 1280K, reserved 1048576K
}
Event: 1.291 GC heap before
{Heap before GC invocations=5 (full 0):
 PSYoungGen      total 272896K, used 261063K [0x000000076b000000, 0x000000077c500000, 0x00000007c0000000)
  eden space 262144K, 98% used [0x000000076b000000,0x000000077ad5def8,0x000000077b000000)
  from space 10752K, 15% used [0x000000077ba80000,0x000000077bc14010,0x000000077c500000)
  to   space 10752K, 0% used [0x000000077b000000,0x000000077b000000,0x000000077ba80000)
 ParOldGen       total 175104K, used 80549K [0x00000006c1000000, 0x00000006cbb00000, 0x000000076b000000)
  object space 175104K, 46% used [0x00000006c1000000,0x00000006c5ea96d0,0x00000006cbb00000)
 Metaspace       used 10068K, capacity 10244K, committed 10496K, reserved 1058816K
  class space    used 1139K, capacity 1218K, committed 1280K, reserved 1048576K
Event: 1.295 GC heap after
Heap after GC invocations=5 (full 0):
 PSYoungGen      total 272896K, used 10744K [0x000000076b000000, 0x0000000791a00000, 0x00000007c0000000)
  eden space 262144K, 0% used [0x000000076b000000,0x000000076b000000,0x000000077b000000)
  from space 10752K, 99% used [0x000000077b000000,0x000000077ba7e2a0,0x000000077ba80000)
  to   space 54272K, 0% used [0x000000078e500000,0x000000078e500000,0x0000000791a00000)
 ParOldGen       total 175104K, used 86648K [0x00000006c1000000, 0x00000006cbb00000, 0x000000076b000000)
  object space 175104K, 49% used [0x00000006c1000000,0x00000006c649e310,0x00000006cbb00000)
 Metaspace       used 10068K, capacity 10244K, committed 10496K, reserved 1058816K
  class space    used 1139K, capacity 1218K, committed 1280K, reserved 1048576K
}

