# JRE version: Java(TM) SE Runtime Environment (8.0_144-b01) (build 1.8.0_144-b01)
# Java VM: Java HotSpot(TM) 64-Bit Server VM (25.144-b01 mixed mode windows-amd64 compressed oops)
Heap:
 PSYoungGen      total 310784K, used 148219K [0x000000076b000000, 0x0000000781700000, 0x00000007c0000000)
  eden space 262144K, 50% used [0x000000076b000000,0x0000000773045d58,0x000000077b000000)
  from space 48640K, 34% used [0x000000077e780000,0x000000077f7f8ef0,0x0000000781700000)
  to   space 52736K, 0% used [0x000000077b000000,0x000000077b000000,0x000000077e380000)
 ParOldGen       total 175104K, used 68401K [0x00000006c1000000, 0x00000006cbb00000, 0x000000076b000000)
  object space 175104K, 39% used [0x00000006c1000000,0x00000006c52cc5d0,0x00000006cbb00000)
 Metaspace       used 10097K, capacity 10292K, committed 10496K, reserved 1058816K
  class space    used 1140K, capacity 1218K, committed 1280K, reserved 1048576K
GC Heap History (10 events):
Event: 0.885 GC heap before
{Heap before GC invocations=2 (full 0):
 PSYoungGen      total 76288K, used 76280K [0x000000076b000000, 0x0000000770500000, 0x00000007c0000000)
  eden space 65536K, 100% used [0x000000076b000000,0x000000076f000000,0x000000076f000000)
  from space 10752K, 99% used [0x000000076f000000,0x000000076fa7e270,0x000000076fa80000)
  to   space 10752K, 0% used [0x000000076fa80000,0x000000076fa80000,0x0000000770500000)
 ParOldGen       total 175104K, used 32915K [0x00000006c1000000, 0x00000006cbb00000, 0x000000076b000000)
  object space 175104K, 18% used [0x00000006c1000000,0x00000006c3024f50,0x00000006cbb00000)
 Metaspace       used 9843K, capacity 10004K, committed 10240K, reserved 1058816K
  class space    used 1117K, capacity 1186K, committed 1280K, reserved 1048576K
Event: 0.892 GC heap after
Heap after GC invocations=2 (full 0):
 PSYoungGen      total 76288K, used 10744K [0x000000076b000000, 0x0000000774500000, 0x00000007c0000000)
  eden space 65536K, 0% used [0x000000076b000000,0x000000076b000000,0x000000076f000000)
  from space 10752K, 99% used [0x000000076fa80000,0x00000007704fe270,0x0000000770500000)
  to   space 10752K, 0% used [0x000000076f000000,0x000000076f000000,0x000000076fa80000)
 ParOldGen       total 175104K, used 65331K [0x00000006c1000000, 0x00000006cbb00000, 0x000000076b000000)
  object space 175104K, 37% used [0x00000006c1000000,0x00000006c4fccf90,0x00000006cbb00000)
 Metaspace       used 9843K, capacity 10004K, committed 10240K, reserved 1058816K
  class space    used 1117K, capacity 1186K, committed 1280K, reserved 1048576K
}
Event: 0.923 GC heap before
{Heap before GC invocations=3 (full 0):
 PSYoungGen      total 76288K, used 76280K [0x000000076b000000, 0x0000000774500000, 0x00000007c0000000)
  eden space 65536K, 100% used [0x000000076b000000,0x000000076f000000,0x000000076f000000)
  from space 10752K, 99% used [0x000000076fa80000,0x00000007704fe270,0x0000000770500000)
  to   space 10752K, 0% used [0x000000076f000000,0x000000076f000000,0x000000076fa80000)
 ParOldGen       total 175104K, used 65331K [0x00000006c1000000, 0x00000006cbb00000, 0x000000076b000000)
  object space 175104K, 37% used [0x00000006c1000000,0x00000006c4fccf90,0x00000006cbb00000)
 Metaspace       used 9843K, capacity 10004K, committed 10240K, reserved 1058816K
  class space    used 1117K, capacity 1186K, committed 1280K, reserved 1048576K
Event: 0.925 GC heap after
Heap after GC invocations=3 (full 0):
 PSYoungGen      total 76288K, used 10728K [0x000000076b000000, 0x0000000774500000, 0x00000007c0000000)
  eden space 65536K, 0% used [0x000000076b000000,0x000000076b000000,0x000000076f000000)
  from space 10752K, 99% used [0x000000076f000000,0x000000076fa7a280,0x000000076fa80000)
  to   space 10752K, 0% used [0x0000000773a80000,0x0000000773a80000,0x0000000774500000)
 ParOldGen       total 175104K, used 68377K [0x00000006c1000000, 0x00000006cbb00000, 0x000000076b000000)
  object space 175104K, 39% used [0x00000006c1000000,0x00000006c52c65d0,0x00000006cbb00000)
 Metaspace       used 9843K, capacity 10004K, committed 10240K, reserved 1058816K
  class space    used 1117K, capacity 1186K, committed 1280K, reserved 1048576K
}
Event: 1.147 GC heap before
{Heap before GC invocations=4 (full 0):
 PSYoungGen      total 76288K, used 70844K [0x000000076b000000, 0x0000000774500000, 0x00000007c0000000)
  eden space 65536K, 91% used [0x000000076b000000,0x000000076eab4f20,0x000000076f000000)
  from space 10752K, 99% used [0x000000076f000000,0x000000076fa7a280,0x000000076fa80000)
  to   space 10752K, 0% used [0x0000000773a80000,0x0000000773a80000,0x0000000774500000)
 ParOldGen       total 175104K, used 68377K [0x00000006c1000000, 0x00000006cbb00000, 0x000000076b000000)
  object space 175104K, 39% used [0x00000006c1000000,0x00000006c52c65d0,0x00000006cbb00000)
 Metaspace       used 10069K, capacity 10228K, committed 10496K, reserved 1058816K
  class space    used 1138K, capacity 1218K, committed 1280K, reserved 1048576K
Event: 1.150 GC heap after
Heap after GC invocations=4 (full 0):
 PSYoungGen      total 141824K, used 4701K [0x000000076b000000, 0x0000000774500000, 0x00000007c0000000)
  eden space 131072K, 0% used [0x000000076b000000,0x000000076b000000,0x0000000773000000)
  from space 10752K, 43% used [0x0000000773a80000,0x0000000773f17660,0x0000000774500000)
  to   space 10752K, 0% used [0x0000000773000000,0x0000000773000000,0x0000000773a80000)
 ParOldGen       total 175104K, used 68385K [0x00000006c1000000, 0x00000006cbb00000, 0x000000076b000000)
  object space 175104K, 39% used [0x00000006c1000000,0x00000006c52c85d0,0x00000006cbb00000)
 Metaspace       used 10069K, capacity 10228K, committed 10496K, reserved 1058816K
  class space    used 1138K, capacity 1218K, committed 1280K, reserved 1048576K
}
Event: 1.228 GC heap before
{Heap before GC invocations=5 (full 0):
 PSYoungGen      total 141824K, used 131385K [0x000000076b000000, 0x0000000774500000, 0x00000007c0000000)
  eden space 131072K, 96% used [0x000000076b000000,0x0000000772bb6f98,0x0000000773000000)
  from space 10752K, 43% used [0x0000000773a80000,0x0000000773f17660,0x0000000774500000)
  to   space 10752K, 0% used [0x0000000773000000,0x0000000773000000,0x0000000773a80000)
 ParOldGen       total 175104K, used 68385K [0x00000006c1000000, 0x00000006cbb00000, 0x000000076b000000)
  object space 175104K, 39% used [0x00000006c1000000,0x00000006c52c85d0,0x00000006cbb00000)
 Metaspace       used 10073K, capacity 10228K, committed 10496K, reserved 1058816K
  class space    used 1139K, capacity 1218K, committed 1280K, reserved 1048576K
Event: 1.231 GC heap after
Heap after GC invocations=5 (full 0):
 PSYoungGen      total 141824K, used 7755K [0x000000076b000000, 0x0000000781f00000, 0x00000007c0000000)
  eden space 131072K, 0% used [0x000000076b000000,0x000000076b000000,0x0000000773000000)
  from space 10752K, 72% used [0x0000000773000000,0x0000000773792cb0,0x0000000773a80000)
  to   space 56832K, 0% used [0x000000077e780000,0x000000077e780000,0x0000000781f00000)
 ParOldGen       total 175104K, used 68393K [0x00000006c1000000, 0x00000006cbb00000, 0x000000076b000000)
  object space 175104K, 39% used [0x00000006c1000000,0x00000006c52ca5d0,0x00000006cbb00000)
 Metaspace       used 10073K, capacity 10228K, committed 10496K, reserved 1058816K
  class space    used 1139K, capacity 1218K, committed 1280K, reserved 1048576K
}
Event: 1.305 GC heap before
{Heap before GC invocations=6 (full 0):
 PSYoungGen      total 141824K, used 137876K [0x000000076b000000, 0x0000000781f00000, 0x00000007c0000000)
  eden space 131072K, 99% used [0x000000076b000000,0x0000000772f12690,0x0000000773000000)
  from space 10752K, 72% used [0x0000000773000000,0x0000000773792cb0,0x0000000773a80000)
  to   space 56832K, 0% used [0x000000077e780000,0x000000077e780000,0x0000000781f00000)
 ParOldGen       total 175104K, used 68393K [0x00000006c1000000, 0x00000006cbb00000, 0x000000076b000000)
  object space 175104K, 39% used [0x00000006c1000000,0x00000006c52ca5d0,0x00000006cbb00000)
 Metaspace       used 10075K, capacity 10292K, committed 10496K, reserved 1058816K
  class space    used 1139K, capacity 1218K, committed 1280K, reserved 1048576K
Event: 1.308 GC heap after
Heap after GC invocations=6 (full 0):
 PSYoungGen      total 310784K, used 16867K [0x000000076b000000, 0x0000000781700000, 0x00000007c0000000)
  eden space 262144K, 0% used [0x000000076b000000,0x000000076b000000,0x000000077b000000)
  from space 48640K, 34% used [0x000000077e780000,0x000000077f7f8ef0,0x0000000781700000)
  to   space 52736K, 0% used [0x000000077b000000,0x000000077b000000,0x000000077e380000)
 ParOldGen       total 175104K, used 68401K [0x00000006c1000000, 0x00000006cbb00000, 0x000000076b000000)
  object space 175104K, 39% used [0x00000006c1000000,0x00000006c52cc5d0,0x00000006cbb00000)
 Metaspace       used 10075K, capacity 10292K, committed 10496K, reserved 1058816K
  class space    used 1139K, capacity 1218K, committed 1280K, reserved 1048576K
}

