# JRE version: Java(TM) SE Runtime Environment (8.0_144-b01) (build 1.8.0_144-b01)
# Java VM: Java HotSpot(TM) 64-Bit Server VM (25.144-b01 mixed mode windows-amd64 compressed oops)
Heap:
 PSYoungGen      total 313856K, used 257522K [0x000000076b000000, 0x0000000781700000, 0x00000007c0000000)
  eden space 262144K, 92% used [0x000000076b000000,0x0000000779e0b230,0x000000077b000000)
  from space 51712K, 26% used [0x000000077e480000,0x000000077f1f18c0,0x0000000781700000)
  to   space 52736K, 0% used [0x000000077b000000,0x000000077b000000,0x000000077e380000)
 ParOldGen       total 175104K, used 86650K [0x00000006c1000000, 0x00000006cbb00000, 0x000000076b000000)
  object space 175104K, 49% used [0x00000006c1000000,0x00000006c649ea00,0x00000006cbb00000)
 Metaspace       used 10096K, capacity 10292K, committed 10496K, reserved 1058816K
  class space    used 1140K, capacity 1218K, committed 1280K, reserved 1048576K
GC Heap History (10 events):
Event: 0.893 GC heap before
{Heap before GC invocations=2 (full 0):
 PSYoungGen      total 76288K, used 76280K [0x000000076b000000, 0x0000000770500000, 0x00000007c0000000)
  eden space 65536K, 100% used [0x000000076b000000,0x000000076f000000,0x000000076f000000)
  from space 10752K, 99% used [0x000000076f000000,0x000000076fa7e250,0x000000076fa80000)
  to   space 10752K, 0% used [0x000000076fa80000,0x000000076fa80000,0x0000000770500000)
 ParOldGen       total 175104K, used 32907K [0x00000006c1000000, 0x00000006cbb00000, 0x000000076b000000)
  object space 175104K, 18% used [0x00000006c1000000,0x00000006c3022f50,0x00000006cbb00000)
 Metaspace       used 9842K, capacity 10004K, committed 10240K, reserved 1058816K
  class space    used 1117K, capacity 1186K, committed 1280K, reserved 1048576K
Event: 0.900 GC heap after
Heap after GC invocations=2 (full 0):
 PSYoungGen      total 76288K, used 10728K [0x000000076b000000, 0x0000000774500000, 0x00000007c0000000)
  eden space 65536K, 0% used [0x000000076b000000,0x000000076b000000,0x000000076f000000)
  from space 10752K, 99% used [0x000000076fa80000,0x00000007704fa260,0x0000000770500000)
  to   space 10752K, 0% used [0x000000076f000000,0x000000076f000000,0x000000076fa80000)
 ParOldGen       total 175104K, used 65339K [0x00000006c1000000, 0x00000006cbb00000, 0x000000076b000000)
  object space 175104K, 37% used [0x00000006c1000000,0x00000006c4fcef90,0x00000006cbb00000)
 Metaspace       used 9842K, capacity 10004K, committed 10240K, reserved 1058816K
  class space    used 1117K, capacity 1186K, committed 1280K, reserved 1048576K
}
Event: 0.931 GC heap before
{Heap before GC invocations=3 (full 0):
 PSYoungGen      total 76288K, used 76264K [0x000000076b000000, 0x0000000774500000, 0x00000007c0000000)
  eden space 65536K, 100% used [0x000000076b000000,0x000000076f000000,0x000000076f000000)
  from space 10752K, 99% used [0x000000076fa80000,0x00000007704fa260,0x0000000770500000)
  to   space 10752K, 0% used [0x000000076f000000,0x000000076f000000,0x000000076fa80000)
 ParOldGen       total 175104K, used 65339K [0x00000006c1000000, 0x00000006cbb00000, 0x000000076b000000)
  object space 175104K, 37% used [0x00000006c1000000,0x00000006c4fcef90,0x00000006cbb00000)
 Metaspace       used 9842K, capacity 10004K, committed 10240K, reserved 1058816K
  class space    used 1117K, capacity 1186K, committed 1280K, reserved 1048576K
Event: 0.934 GC heap after
Heap after GC invocations=3 (full 0):
 PSYoungGen      total 76288K, used 10712K [0x000000076b000000, 0x0000000774500000, 0x00000007c0000000)
  eden space 65536K, 0% used [0x000000076b000000,0x000000076b000000,0x000000076f000000)
  from space 10752K, 99% used [0x000000076f000000,0x000000076fa76270,0x000000076fa80000)
  to   space 10752K, 0% used [0x0000000773a80000,0x0000000773a80000,0x0000000774500000)
 ParOldGen       total 175104K, used 71414K [0x00000006c1000000, 0x00000006cbb00000, 0x000000076b000000)
  object space 175104K, 40% used [0x00000006c1000000,0x00000006c55bdba0,0x00000006cbb00000)
 Metaspace       used 9842K, capacity 10004K, committed 10240K, reserved 1058816K
  class space    used 1117K, capacity 1186K, committed 1280K, reserved 1048576K
}
Event: 0.969 GC heap before
{Heap before GC invocations=4 (full 0):
 PSYoungGen      total 76288K, used 76248K [0x000000076b000000, 0x0000000774500000, 0x00000007c0000000)
  eden space 65536K, 100% used [0x000000076b000000,0x000000076f000000,0x000000076f000000)
  from space 10752K, 99% used [0x000000076f000000,0x000000076fa76270,0x000000076fa80000)
  to   space 10752K, 0% used [0x0000000773a80000,0x0000000773a80000,0x0000000774500000)
 ParOldGen       total 175104K, used 71414K [0x00000006c1000000, 0x00000006cbb00000, 0x000000076b000000)
  object space 175104K, 40% used [0x00000006c1000000,0x00000006c55bdba0,0x00000006cbb00000)
 Metaspace       used 9842K, capacity 10004K, committed 10240K, reserved 1058816K
  class space    used 1117K, capacity 1186K, committed 1280K, reserved 1048576K
Event: 0.974 GC heap after
Heap after GC invocations=4 (full 0):
 PSYoungGen      total 141824K, used 10728K [0x000000076b000000, 0x0000000774500000, 0x00000007c0000000)
  eden space 131072K, 0% used [0x000000076b000000,0x000000076b000000,0x0000000773000000)
  from space 10752K, 99% used [0x0000000773a80000,0x00000007744fa260,0x0000000774500000)
  to   space 10752K, 0% used [0x0000000773000000,0x0000000773000000,0x0000000773a80000)
 ParOldGen       total 175104K, used 86642K [0x00000006c1000000, 0x00000006cbb00000, 0x000000076b000000)
  object space 175104K, 49% used [0x00000006c1000000,0x00000006c649ca00,0x00000006cbb00000)
 Metaspace       used 9842K, capacity 10004K, committed 10240K, reserved 1058816K
  class space    used 1117K, capacity 1186K, committed 1280K, reserved 1048576K
}
Event: 1.182 GC heap before
{Heap before GC invocations=5 (full 0):
 PSYoungGen      total 141824K, used 140906K [0x000000076b000000, 0x0000000774500000, 0x00000007c0000000)
  eden space 131072K, 99% used [0x000000076b000000,0x0000000772f20648,0x0000000773000000)
  from space 10752K, 99% used [0x0000000773a80000,0x00000007744fa260,0x0000000774500000)
  to   space 10752K, 0% used [0x0000000773000000,0x0000000773000000,0x0000000773a80000)
 ParOldGen       total 175104K, used 86642K [0x00000006c1000000, 0x00000006cbb00000, 0x000000076b000000)
  object space 175104K, 49% used [0x00000006c1000000,0x00000006c649ca00,0x00000006cbb00000)
 Metaspace       used 10067K, capacity 10228K, committed 10496K, reserved 1058816K
  class space    used 1138K, capacity 1218K, committed 1280K, reserved 1048576K
Event: 1.186 GC heap after
Heap after GC invocations=5 (full 0):
 PSYoungGen      total 141824K, used 7707K [0x000000076b000000, 0x0000000781900000, 0x00000007c0000000)
  eden space 131072K, 0% used [0x000000076b000000,0x000000076b000000,0x0000000773000000)
  from space 10752K, 71% used [0x0000000773000000,0x0000000773786c30,0x0000000773a80000)
  to   space 53760K, 0% used [0x000000077e480000,0x000000077e480000,0x0000000781900000)
 ParOldGen       total 175104K, used 86642K [0x00000006c1000000, 0x00000006cbb00000, 0x000000076b000000)
  object space 175104K, 49% used [0x00000006c1000000,0x00000006c649ca00,0x00000006cbb00000)
 Metaspace       used 10067K, capacity 10228K, committed 10496K, reserved 1058816K
  class space    used 1138K, capacity 1218K, committed 1280K, reserved 1048576K
}
Event: 1.259 GC heap before
{Heap before GC invocations=6 (full 0):
 PSYoungGen      total 141824K, used 137441K [0x000000076b000000, 0x0000000781900000, 0x00000007c0000000)
  eden space 131072K, 98% used [0x000000076b000000,0x0000000772eb19c0,0x0000000773000000)
  from space 10752K, 71% used [0x0000000773000000,0x0000000773786c30,0x0000000773a80000)
  to   space 53760K, 0% used [0x000000077e480000,0x000000077e480000,0x0000000781900000)
 ParOldGen       total 175104K, used 86642K [0x00000006c1000000, 0x00000006cbb00000, 0x000000076b000000)
  object space 175104K, 49% used [0x00000006c1000000,0x00000006c649ca00,0x00000006cbb00000)
 Metaspace       used 10072K, capacity 10228K, committed 10496K, reserved 1058816K
  class space    used 1139K, capacity 1218K, committed 1280K, reserved 1048576K
Event: 1.263 GC heap after
Heap after GC invocations=6 (full 0):
 PSYoungGen      total 313856K, used 13766K [0x000000076b000000, 0x0000000781700000, 0x00000007c0000000)
  eden space 262144K, 0% used [0x000000076b000000,0x000000076b000000,0x000000077b000000)
  from space 51712K, 26% used [0x000000077e480000,0x000000077f1f18c0,0x0000000781700000)
  to   space 52736K, 0% used [0x000000077b000000,0x000000077b000000,0x000000077e380000)
 ParOldGen       total 175104K, used 86650K [0x00000006c1000000, 0x00000006cbb00000, 0x000000076b000000)
  object space 175104K, 49% used [0x00000006c1000000,0x00000006c649ea00,0x00000006cbb00000)
 Metaspace       used 10072K, capacity 10228K, committed 10496K, reserved 1058816K
  class space    used 1139K, capacity 1218K, committed 1280K, reserved 1048576K
}

