# JRE version: Java(TM) SE Runtime Environment (8.0_144-b01) (build 1.8.0_144-b01)
# Java VM: Java HotSpot(TM) 64-Bit Server VM (25.144-b01 mixed mode windows-amd64 compressed oops)
Heap:
 PSYoungGen      total 319488K, used 248442K [0x000000076b000000, 0x0000000782100000, 0x00000007c0000000)
  eden space 262144K, 92% used [0x000000076b000000,0x0000000779e0b1b0,0x000000077b000000)
  from space 57344K, 8% used [0x000000077e900000,0x000000077ed93670,0x0000000782100000)
  to   space 57856K, 0% used [0x000000077b000000,0x000000077b000000,0x000000077e880000)
 ParOldGen       total 175104K, used 92693K [0x00000006c1000000, 0x00000006cbb00000, 0x000000076b000000)
  object space 175104K, 52% used [0x00000006c1000000,0x00000006c6a85610,0x00000006cbb00000)
 Metaspace       used 10095K, capacity 10292K, committed 10496K, reserved 1058816K
  class space    used 1140K, capacity 1218K, committed 1280K, reserved 1048576K
GC Heap History (10 events):
Event: 0.860 GC heap before
{Heap before GC invocations=2 (full 0):
 PSYoungGen      total 76288K, used 76280K [0x000000076b000000, 0x0000000770500000, 0x00000007c0000000)
  eden space 65536K, 100% used [0x000000076b000000,0x000000076f000000,0x000000076f000000)
  from space 10752K, 99% used [0x000000076f000000,0x000000076fa7e250,0x000000076fa80000)
  to   space 10752K, 0% used [0x000000076fa80000,0x000000076fa80000,0x0000000770500000)
 ParOldGen       total 175104K, used 32915K [0x00000006c1000000, 0x00000006cbb00000, 0x000000076b000000)
  object space 175104K, 18% used [0x00000006c1000000,0x00000006c3024f50,0x00000006cbb00000)
 Metaspace       used 9842K, capacity 10004K, committed 10240K, reserved 1058816K
  class space    used 1117K, capacity 1186K, committed 1280K, reserved 1048576K
Event: 0.868 GC heap after
Heap after GC invocations=2 (full 0):
 PSYoungGen      total 76288K, used 10744K [0x000000076b000000, 0x0000000774500000, 0x00000007c0000000)
  eden space 65536K, 0% used [0x000000076b000000,0x000000076b000000,0x000000076f000000)
  from space 10752K, 99% used [0x000000076fa80000,0x00000007704fe270,0x0000000770500000)
  to   space 10752K, 0% used [0x000000076f000000,0x000000076f000000,0x000000076fa80000)
 ParOldGen       total 175104K, used 65339K [0x00000006c1000000, 0x00000006cbb00000, 0x000000076b000000)
  object space 175104K, 37% used [0x00000006c1000000,0x00000006c4fcef90,0x00000006cbb00000)
 Metaspace       used 9842K, capacity 10004K, committed 10240K, reserved 1058816K
  class space    used 1117K, capacity 1186K, committed 1280K, reserved 1048576K
}
Event: 0.901 GC heap before
{Heap before GC invocations=3 (full 0):
 PSYoungGen      total 76288K, used 76280K [0x000000076b000000, 0x0000000774500000, 0x00000007c0000000)
  eden space 65536K, 100% used [0x000000076b000000,0x000000076f000000,0x000000076f000000)
  from space 10752K, 99% used [0x000000076fa80000,0x00000007704fe270,0x0000000770500000)
  to   space 10752K, 0% used [0x000000076f000000,0x000000076f000000,0x000000076fa80000)
 ParOldGen       total 175104K, used 65339K [0x00000006c1000000, 0x00000006cbb00000, 0x000000076b000000)
  object space 175104K, 37% used [0x00000006c1000000,0x00000006c4fcef90,0x00000006cbb00000)
 Metaspace       used 9842K, capacity 10004K, committed 10240K, reserved 1058816K
  class space    used 1117K, capacity 1186K, committed 1280K, reserved 1048576K
Event: 0.905 GC heap after
Heap after GC invocations=3 (full 0):
 PSYoungGen      total 76288K, used 10744K [0x000000076b000000, 0x0000000774500000, 0x00000007c0000000)
  eden space 65536K, 0% used [0x000000076b000000,0x000000076b000000,0x000000076f000000)
  from space 10752K, 99% used [0x000000076f000000,0x000000076fa7e270,0x000000076fa80000)
  to   space 10752K, 0% used [0x0000000773a80000,0x0000000773a80000,0x0000000774500000)
 ParOldGen       total 175104K, used 77497K [0x00000006c1000000, 0x00000006cbb00000, 0x000000076b000000)
  object space 175104K, 44% used [0x00000006c1000000,0x00000006c5bae7b0,0x00000006cbb00000)
 Metaspace       used 9842K, capacity 10004K, committed 10240K, reserved 1058816K
  class space    used 1117K, capacity 1186K, committed 1280K, reserved 1048576K
}
Event: 0.941 GC heap before
{Heap before GC invocations=4 (full 0):
 PSYoungGen      total 76288K, used 76280K [0x000000076b000000, 0x0000000774500000, 0x00000007c0000000)
  eden space 65536K, 100% used [0x000000076b000000,0x000000076f000000,0x000000076f000000)
  from space 10752K, 99% used [0x000000076f000000,0x000000076fa7e270,0x000000076fa80000)
  to   space 10752K, 0% used [0x0000000773a80000,0x0000000773a80000,0x0000000774500000)
 ParOldGen       total 175104K, used 77497K [0x00000006c1000000, 0x00000006cbb00000, 0x000000076b000000)
  object space 175104K, 44% used [0x00000006c1000000,0x00000006c5bae7b0,0x00000006cbb00000)
 Metaspace       used 9842K, capacity 10004K, committed 10240K, reserved 1058816K
  class space    used 1117K, capacity 1186K, committed 1280K, reserved 1048576K
Event: 0.946 GC heap after
Heap after GC invocations=4 (full 0):
 PSYoungGen      total 141824K, used 10744K [0x000000076b000000, 0x0000000774500000, 0x00000007c0000000)
  eden space 131072K, 0% used [0x000000076b000000,0x000000076b000000,0x0000000773000000)
  from space 10752K, 99% used [0x0000000773a80000,0x00000007744fe270,0x0000000774500000)
  to   space 10752K, 0% used [0x0000000773000000,0x0000000773000000,0x0000000773a80000)
 ParOldGen       total 175104K, used 92685K [0x00000006c1000000, 0x00000006cbb00000, 0x000000076b000000)
  object space 175104K, 52% used [0x00000006c1000000,0x00000006c6a83610,0x00000006cbb00000)
 Metaspace       used 9842K, capacity 10004K, committed 10240K, reserved 1058816K
  class space    used 1117K, capacity 1186K, committed 1280K, reserved 1048576K
}
Event: 1.153 GC heap before
{Heap before GC invocations=5 (full 0):
 PSYoungGen      total 141824K, used 140929K [0x000000076b000000, 0x0000000774500000, 0x00000007c0000000)
  eden space 131072K, 99% used [0x000000076b000000,0x0000000772f22458,0x0000000773000000)
  from space 10752K, 99% used [0x0000000773a80000,0x00000007744fe270,0x0000000774500000)
  to   space 10752K, 0% used [0x0000000773000000,0x0000000773000000,0x0000000773a80000)
 ParOldGen       total 175104K, used 92685K [0x00000006c1000000, 0x00000006cbb00000, 0x000000076b000000)
  object space 175104K, 52% used [0x00000006c1000000,0x00000006c6a83610,0x00000006cbb00000)
 Metaspace       used 10067K, capacity 10228K, committed 10496K, reserved 1058816K
  class space    used 1138K, capacity 1218K, committed 1280K, reserved 1048576K
Event: 1.155 GC heap after
Heap after GC invocations=5 (full 0):
 PSYoungGen      total 141824K, used 1648K [0x000000076b000000, 0x0000000782200000, 0x00000007c0000000)
  eden space 131072K, 0% used [0x000000076b000000,0x000000076b000000,0x0000000773000000)
  from space 10752K, 15% used [0x0000000773000000,0x000000077319c030,0x0000000773a80000)
  to   space 58368K, 0% used [0x000000077e900000,0x000000077e900000,0x0000000782200000)
 ParOldGen       total 175104K, used 92693K [0x00000006c1000000, 0x00000006cbb00000, 0x000000076b000000)
  object space 175104K, 52% used [0x00000006c1000000,0x00000006c6a85610,0x00000006cbb00000)
 Metaspace       used 10067K, capacity 10228K, committed 10496K, reserved 1058816K
  class space    used 1138K, capacity 1218K, committed 1280K, reserved 1048576K
}
Event: 1.228 GC heap before
{Heap before GC invocations=6 (full 0):
 PSYoungGen      total 141824K, used 131382K [0x000000076b000000, 0x0000000782200000, 0x00000007c0000000)
  eden space 131072K, 98% used [0x000000076b000000,0x0000000772eb19b8,0x0000000773000000)
  from space 10752K, 15% used [0x0000000773000000,0x000000077319c030,0x0000000773a80000)
  to   space 58368K, 0% used [0x000000077e900000,0x000000077e900000,0x0000000782200000)
 ParOldGen       total 175104K, used 92693K [0x00000006c1000000, 0x00000006cbb00000, 0x000000076b000000)
  object space 175104K, 52% used [0x00000006c1000000,0x00000006c6a85610,0x00000006cbb00000)
 Metaspace       used 10072K, capacity 10228K, committed 10496K, reserved 1058816K
  class space    used 1139K, capacity 1218K, committed 1280K, reserved 1048576K
Event: 1.230 GC heap after
Heap after GC invocations=6 (full 0):
 PSYoungGen      total 319488K, used 4685K [0x000000076b000000, 0x0000000782100000, 0x00000007c0000000)
  eden space 262144K, 0% used [0x000000076b000000,0x000000076b000000,0x000000077b000000)
  from space 57344K, 8% used [0x000000077e900000,0x000000077ed93670,0x0000000782100000)
  to   space 57856K, 0% used [0x000000077b000000,0x000000077b000000,0x000000077e880000)
 ParOldGen       total 175104K, used 92693K [0x00000006c1000000, 0x00000006cbb00000, 0x000000076b000000)
  object space 175104K, 52% used [0x00000006c1000000,0x00000006c6a85610,0x00000006cbb00000)
 Metaspace       used 10072K, capacity 10228K, committed 10496K, reserved 1058816K
  class space    used 1139K, capacity 1218K, committed 1280K, reserved 1048576K
}

