# JRE version: Java(TM) SE Runtime Environment (8.0_144-b01) (build 1.8.0_144-b01)
# Java VM: Java HotSpot(TM) 64-Bit Server VM (25.144-b01 mixed mode windows-amd64 compressed oops)
Heap:
 PSYoungGen      total 272896K, used 126891K [0x000000076b000000, 0x0000000791a00000, 0x00000007c0000000)
  eden space 262144K, 44% used [0x000000076b000000,0x0000000772170998,0x000000077b000000)
  from space 10752K, 99% used [0x000000077b000000,0x000000077ba7a290,0x000000077ba80000)
  to   space 54272K, 0% used [0x000000078e500000,0x000000078e500000,0x0000000791a00000)
 ParOldGen       total 175104K, used 89688K [0x00000006c1000000, 0x00000006cbb00000, 0x000000076b000000)
  object space 175104K, 51% used [0x00000006c1000000,0x00000006c67963b8,0x00000006cbb00000)
 Metaspace       used 10093K, capacity 10292K, committed 10496K, reserved 1058816K
  class space    used 1140K, capacity 1218K, committed 1280K, reserved 1048576K
GC Heap History (10 events):
Event: 0.764 GC heap before
{Heap before GC invocations=1 (full 0):
 PSYoungGen      total 76288K, used 59774K [0x000000076b000000, 0x0000000770500000, 0x00000007c0000000)
  eden space 65536K, 91% used [0x000000076b000000,0x000000076ea5f8b0,0x000000076f000000)
  from space 10752K, 0% used [0x000000076fa80000,0x000000076fa80000,0x0000000770500000)
  to   space 10752K, 0% used [0x000000076f000000,0x000000076f000000,0x000000076fa80000)
 ParOldGen       total 175104K, used 0K [0x00000006c1000000, 0x00000006cbb00000, 0x000000076b000000)
  object space 175104K, 0% used [0x00000006c1000000,0x00000006c1000000,0x00000006cbb00000)
 Metaspace       used 9825K, capacity 10004K, committed 10240K, reserved 1058816K
  class space    used 1117K, capacity 1186K, committed 1280K, reserved 1048576K
Event: 0.772 GC heap after
Heap after GC invocations=1 (full 0):
 PSYoungGen      total 76288K, used 10728K [0x000000076b000000, 0x0000000774500000, 0x00000007c0000000)
  eden space 65536K, 0% used [0x000000076b000000,0x000000076b000000,0x000000076f000000)
  from space 10752K, 99% used [0x000000076f000000,0x000000076fa7a260,0x000000076fa80000)
  to   space 10752K, 0% used [0x0000000773a80000,0x0000000773a80000,0x0000000774500000)
 ParOldGen       total 175104K, used 32940K [0x00000006c1000000, 0x00000006cbb00000, 0x000000076b000000)
  object space 175104K, 18% used [0x00000006c1000000,0x00000006c302b308,0x00000006cbb00000)
 Metaspace       used 9825K, capacity 10004K, committed 10240K, reserved 1058816K
  class space    used 1117K, capacity 1186K, committed 1280K, reserved 1048576K
}
Event: 0.812 GC heap before
{Heap before GC invocations=2 (full 0):
 PSYoungGen      total 76288K, used 76264K [0x000000076b000000, 0x0000000774500000, 0x00000007c0000000)
  eden space 65536K, 100% used [0x000000076b000000,0x000000076f000000,0x000000076f000000)
  from space 10752K, 99% used [0x000000076f000000,0x000000076fa7a260,0x000000076fa80000)
  to   space 10752K, 0% used [0x0000000773a80000,0x0000000773a80000,0x0000000774500000)
 ParOldGen       total 175104K, used 32940K [0x00000006c1000000, 0x00000006cbb00000, 0x000000076b000000)
  object space 175104K, 18% used [0x00000006c1000000,0x00000006c302b308,0x00000006cbb00000)
 Metaspace       used 9841K, capacity 10004K, committed 10240K, reserved 1058816K
  class space    used 1117K, capacity 1186K, committed 1280K, reserved 1048576K
Event: 0.819 GC heap after
Heap after GC invocations=2 (full 0):
 PSYoungGen      total 141824K, used 10728K [0x000000076b000000, 0x0000000774500000, 0x00000007c0000000)
  eden space 131072K, 0% used [0x000000076b000000,0x000000076b000000,0x0000000773000000)
  from space 10752K, 99% used [0x0000000773a80000,0x00000007744fa260,0x0000000774500000)
  to   space 10752K, 0% used [0x0000000773000000,0x0000000773000000,0x0000000773a80000)
 ParOldGen       total 175104K, used 65356K [0x00000006c1000000, 0x00000006cbb00000, 0x000000076b000000)
  object space 175104K, 37% used [0x00000006c1000000,0x00000006c4fd3348,0x00000006cbb00000)
 Metaspace       used 9841K, capacity 10004K, committed 10240K, reserved 1058816K
  class space    used 1117K, capacity 1186K, committed 1280K, reserved 1048576K
}
Event: 0.898 GC heap before
{Heap before GC invocations=3 (full 0):
 PSYoungGen      total 141824K, used 141800K [0x000000076b000000, 0x0000000774500000, 0x00000007c0000000)
  eden space 131072K, 100% used [0x000000076b000000,0x0000000773000000,0x0000000773000000)
  from space 10752K, 99% used [0x0000000773a80000,0x00000007744fa260,0x0000000774500000)
  to   space 10752K, 0% used [0x0000000773000000,0x0000000773000000,0x0000000773a80000)
 ParOldGen       total 175104K, used 65356K [0x00000006c1000000, 0x00000006cbb00000, 0x000000076b000000)
  object space 175104K, 37% used [0x00000006c1000000,0x00000006c4fd3348,0x00000006cbb00000)
 Metaspace       used 9841K, capacity 10004K, committed 10240K, reserved 1058816K
  class space    used 1117K, capacity 1186K, committed 1280K, reserved 1048576K
Event: 0.902 GC heap after
Heap after GC invocations=3 (full 0):
 PSYoungGen      total 141824K, used 7707K [0x000000076b000000, 0x000000077c500000, 0x00000007c0000000)
  eden space 131072K, 0% used [0x000000076b000000,0x000000076b000000,0x0000000773000000)
  from space 10752K, 71% used [0x0000000773000000,0x0000000773786ca0,0x0000000773a80000)
  to   space 10752K, 0% used [0x000000077ba80000,0x000000077ba80000,0x000000077c500000)
 ParOldGen       total 175104K, used 83581K [0x00000006c1000000, 0x00000006cbb00000, 0x000000076b000000)
  object space 175104K, 47% used [0x00000006c1000000,0x00000006c619f778,0x00000006cbb00000)
 Metaspace       used 9841K, capacity 10004K, committed 10240K, reserved 1058816K
  class space    used 1117K, capacity 1186K, committed 1280K, reserved 1048576K
}
Event: 1.099 GC heap before
{Heap before GC invocations=4 (full 0):
 PSYoungGen      total 141824K, used 137263K [0x000000076b000000, 0x000000077c500000, 0x00000007c0000000)
  eden space 131072K, 98% used [0x000000076b000000,0x0000000772e85060,0x0000000773000000)
  from space 10752K, 71% used [0x0000000773000000,0x0000000773786ca0,0x0000000773a80000)
  to   space 10752K, 0% used [0x000000077ba80000,0x000000077ba80000,0x000000077c500000)
 ParOldGen       total 175104K, used 83581K [0x00000006c1000000, 0x00000006cbb00000, 0x000000076b000000)
  object space 175104K, 47% used [0x00000006c1000000,0x00000006c619f778,0x00000006cbb00000)
 Metaspace       used 10066K, capacity 10228K, committed 10496K, reserved 1058816K
  class space    used 1138K, capacity 1218K, committed 1280K, reserved 1048576K
Event: 1.102 GC heap after
Heap after GC invocations=4 (full 0):
 PSYoungGen      total 272896K, used 1648K [0x000000076b000000, 0x000000077c500000, 0x00000007c0000000)
  eden space 262144K, 0% used [0x000000076b000000,0x000000076b000000,0x000000077b000000)
  from space 10752K, 15% used [0x000000077ba80000,0x000000077bc1c010,0x000000077c500000)
  to   space 10752K, 0% used [0x000000077b000000,0x000000077b000000,0x000000077ba80000)
 ParOldGen       total 175104K, used 83589K [0x00000006c1000000, 0x00000006cbb00000, 0x000000076b000000)
  object space 175104K, 47% used [0x00000006c1000000,0x00000006c61a1778,0x00000006cbb00000)
 Metaspace       used 10066K, capacity 10228K, committed 10496K, reserved 1058816K
  class space    used 1138K, capacity 1218K, committed 1280K, reserved 1048576K
}
Event: 1.265 GC heap before
{Heap before GC invocations=5 (full 0):
 PSYoungGen      total 272896K, used 261095K [0x000000076b000000, 0x000000077c500000, 0x00000007c0000000)
  eden space 262144K, 98% used [0x000000076b000000,0x000000077ad5ded0,0x000000077b000000)
  from space 10752K, 15% used [0x000000077ba80000,0x000000077bc1c010,0x000000077c500000)
  to   space 10752K, 0% used [0x000000077b000000,0x000000077b000000,0x000000077ba80000)
 ParOldGen       total 175104K, used 83589K [0x00000006c1000000, 0x00000006cbb00000, 0x000000076b000000)
  object space 175104K, 47% used [0x00000006c1000000,0x00000006c61a1778,0x00000006cbb00000)
 Metaspace       used 10072K, capacity 10228K, committed 10496K, reserved 1058816K
  class space    used 1139K, capacity 1218K, committed 1280K, reserved 1048576K
Event: 1.269 GC heap after
Heap after GC invocations=5 (full 0):
 PSYoungGen      total 272896K, used 10728K [0x000000076b000000, 0x0000000791a00000, 0x00000007c0000000)
  eden space 262144K, 0% used [0x000000076b000000,0x000000076b000000,0x000000077b000000)
  from space 10752K, 99% used [0x000000077b000000,0x000000077ba7a290,0x000000077ba80000)
  to   space 54272K, 0% used [0x000000078e500000,0x000000078e500000,0x0000000791a00000)
 ParOldGen       total 175104K, used 89688K [0x00000006c1000000, 0x00000006cbb00000, 0x000000076b000000)
  object space 175104K, 51% used [0x00000006c1000000,0x00000006c67963b8,0x00000006cbb00000)
 Metaspace       used 10072K, capacity 10228K, committed 10496K, reserved 1058816K
  class space    used 1139K, capacity 1218K, committed 1280K, reserved 1048576K
}

